Using pre-set license
Built from '2022.3/staging' branch; Version is '2022.3.21f1 (bf09ca542b87) revision 12519882'; Using compiler version '192829333'; Build Type 'Release'
OS: 'Windows 10  (10.0.19045) 64bit Core' Language: 'en' Physical Memory: 8003 MB
BatchMode: 1, IsHumanControllingUs: 0, StartBugReporterOnCrash: 0, Is64bit: 1, IsPro: 1

COMMAND LINE ARGUMENTS:
C:\Program Files\Unity\Hub\Editor\2022.3.21f1\Editor\Unity.exe
-adb2
-batchMode
-noUpm
-name
AssetImportWorker1
-projectPath
C:/Users/dcaro/Documents/GitHub/AVR-600-demo
-logFile
Logs/AssetImportWorker1.log
-srvPort
58892
Successfully changed project path to: C:/Users/dcaro/Documents/GitHub/AVR-600-demo
C:/Users/dcaro/Documents/GitHub/AVR-600-demo
[UnityMemory] Configuration Parameters - Can be set up in boot.config
    "memorysetup-bucket-allocator-granularity=16"
    "memorysetup-bucket-allocator-bucket-count=8"
    "memorysetup-bucket-allocator-block-size=33554432"
    "memorysetup-bucket-allocator-block-count=8"
    "memorysetup-main-allocator-block-size=16777216"
    "memorysetup-thread-allocator-block-size=16777216"
    "memorysetup-gfx-main-allocator-block-size=16777216"
    "memorysetup-gfx-thread-allocator-block-size=16777216"
    "memorysetup-cache-allocator-block-size=4194304"
    "memorysetup-typetree-allocator-block-size=2097152"
    "memorysetup-profiler-bucket-allocator-granularity=16"
    "memorysetup-profiler-bucket-allocator-bucket-count=8"
    "memorysetup-profiler-bucket-allocator-block-size=33554432"
    "memorysetup-profiler-bucket-allocator-block-count=8"
    "memorysetup-profiler-allocator-block-size=16777216"
    "memorysetup-profiler-editor-allocator-block-size=1048576"
    "memorysetup-temp-allocator-size-main=16777216"
    "memorysetup-job-temp-allocator-block-size=2097152"
    "memorysetup-job-temp-allocator-block-size-background=1048576"
    "memorysetup-job-temp-allocator-reduction-small-platforms=262144"
    "memorysetup-allocator-temp-initial-block-size-main=262144"
    "memorysetup-allocator-temp-initial-block-size-worker=262144"
    "memorysetup-temp-allocator-size-background-worker=32768"
    "memorysetup-temp-allocator-size-job-worker=262144"
    "memorysetup-temp-allocator-size-preload-manager=33554432"
    "memorysetup-temp-allocator-size-nav-mesh-worker=65536"
    "memorysetup-temp-allocator-size-audio-worker=65536"
    "memorysetup-temp-allocator-size-cloud-worker=32768"
    "memorysetup-temp-allocator-size-gi-baking-worker=262144"
    "memorysetup-temp-allocator-size-gfx=262144"
Player connection [18844] Host "[IP] 192.168.4.199 [Port] 0 [Flags] 2 [Guid] 3661176992 [EditorId] 3661176992 [Version] 1048832 [Id] WindowsEditor(7,DESKTOP-2IF786O) [Debug] 1 [PackageName] WindowsEditor [ProjectName] Editor" joined multi-casting on [225.0.0.222:54997]...

Player connection [18844] Host "[IP] 192.168.4.199 [Port] 0 [Flags] 2 [Guid] 3661176992 [EditorId] 3661176992 [Version] 1048832 [Id] WindowsEditor(7,DESKTOP-2IF786O) [Debug] 1 [PackageName] WindowsEditor [ProjectName] Editor" joined alternative multi-casting on [225.0.0.222:34997]...

[Physics::Module] Initialized MultithreadedJobDispatcher with 7 workers.
Refreshing native plugins compatible for Editor in 10.93 ms, found 3 plugins.
Preloading 0 native plugins for Editor in 0.00 ms.
Initialize engine version: 2022.3.21f1 (bf09ca542b87)
[Subsystems] Discovering subsystems at path C:/Program Files/Unity/Hub/Editor/2022.3.21f1/Editor/Data/Resources/UnitySubsystems
[Subsystems] Discovering subsystems at path C:/Users/dcaro/Documents/GitHub/AVR-600-demo/Assets
GfxDevice: creating device client; threaded=0; jobified=0
Direct3D:
    Version:  Direct3D 11.0 [level 11.1]
    Renderer: NVIDIA GeForce GTX 1660 Ti with Max-Q Design (ID=0x2191)
    Vendor:   NVIDIA
    VRAM:     5991 MB
    Driver:   30.0.15.1272
Initialize mono
Mono path[0] = 'C:/Program Files/Unity/Hub/Editor/2022.3.21f1/Editor/Data/Managed'
Mono path[1] = 'C:/Program Files/Unity/Hub/Editor/2022.3.21f1/Editor/Data/MonoBleedingEdge/lib/mono/unityjit-win32'
Mono config path = 'C:/Program Files/Unity/Hub/Editor/2022.3.21f1/Editor/Data/MonoBleedingEdge/etc'
Using monoOptions --debugger-agent=transport=dt_socket,embedding=1,server=y,suspend=n,address=127.0.0.1:56140
Begin MonoManager ReloadAssembly
Registering precompiled unity dll's ...
Register platform support module: C:/Program Files/Unity/Hub/Editor/2022.3.21f1/Editor/Data/PlaybackEngines/WebGLSupport/UnityEditor.WebGL.Extensions.dll
Register platform support module: C:/Program Files/Unity/Hub/Editor/2022.3.21f1/Editor/Data/PlaybackEngines/WindowsStandaloneSupport/UnityEditor.WindowsStandalone.Extensions.dll
Registered in 0.013470 seconds.
- Loaded All Assemblies, in  0.454 seconds
Native extension for WindowsStandalone target not found
Native extension for WebGL target not found
Mono: successfully reloaded assembly
- Finished resetting the current domain, in  0.332 seconds
Domain Reload Profiling: 784ms
	BeginReloadAssembly (131ms)
		ExecutionOrderSort (0ms)
		DisableScriptedObjects (0ms)
		BackupInstance (0ms)
		ReleaseScriptingObjects (0ms)
		CreateAndSetChildDomain (1ms)
	RebuildCommonClasses (51ms)
	RebuildNativeTypeToScriptingClass (18ms)
	initialDomainReloadingComplete (75ms)
	LoadAllAssembliesAndSetupDomain (177ms)
		LoadAssemblies (129ms)
		RebuildTransferFunctionScriptingTraits (0ms)
		AnalyzeDomain (175ms)
			TypeCache.Refresh (173ms)
				TypeCache.ScanAssembly (158ms)
			ScanForSourceGeneratedMonoScriptInfo (0ms)
			ResolveRequiredComponents (0ms)
	FinalizeReload (333ms)
		ReleaseScriptCaches (0ms)
		RebuildScriptCaches (0ms)
		SetupLoadedEditorAssemblies (262ms)
			LogAssemblyErrors (0ms)
			InitializePlatformSupportModulesInManaged (14ms)
			SetLoadedEditorAssemblies (6ms)
			RefreshPlugins (0ms)
			BeforeProcessingInitializeOnLoad (2ms)
			ProcessInitializeOnLoadAttributes (178ms)
			ProcessInitializeOnLoadMethodAttributes (61ms)
			AfterProcessingInitializeOnLoad (0ms)
			EditorAssembliesLoaded (0ms)
		ExecutionOrderSort2 (0ms)
		AwakeInstancesAfterBackupRestoration (0ms)
========================================================================
Worker process is ready to serve import requests
Begin MonoManager ReloadAssembly
- Loaded All Assemblies, in  0.757 seconds
Refreshing native plugins compatible for Editor in 3.50 ms, found 3 plugins.
Native extension for WindowsStandalone target not found
Native extension for WebGL target not found
Package Manager log level set to [2]
[Package Manager] Server::EnsureServerProcessIsRunning -- launch failed, reason: Unity was launched with the -noUpm command-line argument
[Package Manager] UpmClient::Send -- Unable to send message (not connected to UPM process).
[Package Manager] Cannot connect to Unity Package Manager local server
Mono: successfully reloaded assembly
- Finished resetting the current domain, in  0.677 seconds
Domain Reload Profiling: 1431ms
	BeginReloadAssembly (186ms)
		ExecutionOrderSort (0ms)
		DisableScriptedObjects (6ms)
		BackupInstance (0ms)
		ReleaseScriptingObjects (0ms)
		CreateAndSetChildDomain (27ms)
	RebuildCommonClasses (41ms)
	RebuildNativeTypeToScriptingClass (12ms)
	initialDomainReloadingComplete (57ms)
	LoadAllAssembliesAndSetupDomain (458ms)
		LoadAssemblies (356ms)
		RebuildTransferFunctionScriptingTraits (0ms)
		AnalyzeDomain (211ms)
			TypeCache.Refresh (188ms)
				TypeCache.ScanAssembly (172ms)
			ScanForSourceGeneratedMonoScriptInfo (16ms)
			ResolveRequiredComponents (5ms)
	FinalizeReload (677ms)
		ReleaseScriptCaches (0ms)
		RebuildScriptCaches (0ms)
		SetupLoadedEditorAssemblies (489ms)
			LogAssemblyErrors (0ms)
			InitializePlatformSupportModulesInManaged (9ms)
			SetLoadedEditorAssemblies (3ms)
			RefreshPlugins (0ms)
			BeforeProcessingInitializeOnLoad (68ms)
			ProcessInitializeOnLoadAttributes (375ms)
			ProcessInitializeOnLoadMethodAttributes (23ms)
			AfterProcessingInitializeOnLoad (10ms)
			EditorAssembliesLoaded (0ms)
		ExecutionOrderSort2 (0ms)
		AwakeInstancesAfterBackupRestoration (13ms)
Launched and connected shader compiler UnityShaderCompiler.exe after 0.05 seconds
Refreshing native plugins compatible for Editor in 5.07 ms, found 3 plugins.
Preloading 0 native plugins for Editor in 0.00 ms.
Unloading 3109 Unused Serialized files (Serialized files now loaded: 0)
Unloading 32 unused Assets / (57.0 KB). Loaded Objects now: 3592.
Memory consumption went from 135.0 MB to 135.0 MB.
Total: 5.918000 ms (FindLiveObjects: 0.370400 ms CreateObjectMapping: 0.511900 ms MarkObjects: 4.881400 ms  DeleteObjects: 0.153200 ms)

AssetImportParameters requested are different than current active one (requested -> active):
  custom:container-demuxer-ogg: 62fdf1f143b41e24485cea50d1cbac27 -> 
  custom:video-codec-MediaFoundation-h265: 746d11721c4dcdbdad8f713fa42b33f4 -> 
  custom:video-decoder-ogg-theora: a1e56fd34408186e4bbccfd4996cb3dc -> 
  custom:framework-win-MediaFoundation: 216162199b28c13a410421893ffa2e32 -> 
  custom:CustomObjectIndexerAttribute: 9a22284fe3817be447336de3de66b15e -> 
  custom:container-demuxer-webm: 4f35f7cbe854078d1ac9338744f61a02 -> 
  custom:container-muxer-webm: aa71ff27fc2769a1b78a27578f13a17b -> 
  custom:video-decoder-webm-vp8: 9c59270c3fd7afecdb556c50c9e8de78 -> 
  custom:SearchIndexIgnoredProperties: e643bd26f0fe6173181afceb89e7c659 -> 
  custom:AudioImporter_EditorPlatform: d09bf68614088b80899f8185d706f6e7 -> 
  custom:video-encoder-webm-vp8: eb34c28f22e8b96e1ab97ce403110664 -> 
  custom:audio-decoder-ogg-vorbis: bf7c407c2cedff20999df2af8eb42d56 -> 
  custom:audio-encoder-webm-vorbis: bf7c407c2cedff20999df2af8eb42d56 -> 
========================================================================
Received Import Request.
  Time since last request: 1211222.274902 seconds.
  path: Assets/PNG/window_04.png
  artifactKey: Guid(87efe95cb64da0d46af6370751b8727c) Importer(815301076,1909f56bfc062723c751e8b465ee728b)
Start importing Assets/PNG/window_04.png using Guid(87efe95cb64da0d46af6370751b8727c) Importer(815301076,1909f56bfc062723c751e8b465ee728b)  -> (artifact id: '87f3952a209730e8d8f770dbcec44890') in 0.087943 seconds
Number of updated asset objects reloaded before import = 0
Number of asset objects unloaded after import = 2
========================================================================
Received Import Request.
  Time since last request: 0.000033 seconds.
  path: Assets/PNG/smoke_06.png
  artifactKey: Guid(cbb574ea5d20bf34185e31f52d5f1d35) Importer(815301076,1909f56bfc062723c751e8b465ee728b)
Start importing Assets/PNG/smoke_06.png using Guid(cbb574ea5d20bf34185e31f52d5f1d35) Importer(815301076,1909f56bfc062723c751e8b465ee728b)  -> (artifact id: 'f050ebd4ac84a7f9d3943a0e737bbb10') in 0.015124 seconds
Number of updated asset objects reloaded before import = 0
Number of asset objects unloaded after import = 2
========================================================================
Received Import Request.
  Time since last request: 0.000020 seconds.
  path: Assets/PNG/smoke_01.png
  artifactKey: Guid(5a8e8b9438429e94a9ffeaa3414465d0) Importer(815301076,1909f56bfc062723c751e8b465ee728b)
Start importing Assets/PNG/smoke_01.png using Guid(5a8e8b9438429e94a9ffeaa3414465d0) Importer(815301076,1909f56bfc062723c751e8b465ee728b)  -> (artifact id: 'e918d5b72dffd19b3ff6f16c7ee5bd95') in 0.018675 seconds
Number of updated asset objects reloaded before import = 0
Number of asset objects unloaded after import = 2
========================================================================
Received Import Request.
  Time since last request: 0.000019 seconds.
  path: Assets/PNG/slash_01.png
  artifactKey: Guid(1ede187fdd1fde740897ddfd0a8c8b77) Importer(815301076,1909f56bfc062723c751e8b465ee728b)
Start importing Assets/PNG/slash_01.png using Guid(1ede187fdd1fde740897ddfd0a8c8b77) Importer(815301076,1909f56bfc062723c751e8b465ee728b)  -> (artifact id: 'f07f7c4aaeb61bb1c72b775c251709cf') in 0.015678 seconds
Number of updated asset objects reloaded before import = 0
Number of asset objects unloaded after import = 2
========================================================================
Received Import Request.
  Time since last request: 0.000024 seconds.
  path: Assets/PNG/muzzle_03.png
  artifactKey: Guid(67c2cd54eb98b654b8be3f2c3369de97) Importer(815301076,1909f56bfc062723c751e8b465ee728b)
Start importing Assets/PNG/muzzle_03.png using Guid(67c2cd54eb98b654b8be3f2c3369de97) Importer(815301076,1909f56bfc062723c751e8b465ee728b)  -> (artifact id: '726d87bfc0c21651b3670a80c168c6b3') in 0.016473 seconds
Number of updated asset objects reloaded before import = 0
Number of asset objects unloaded after import = 2
========================================================================
Received Import Request.
  Time since last request: 0.000014 seconds.
  path: Assets/PNG/scorch_01.png
  artifactKey: Guid(968a960f8ba3b534e920239867a19638) Importer(815301076,1909f56bfc062723c751e8b465ee728b)
Start importing Assets/PNG/scorch_01.png using Guid(968a960f8ba3b534e920239867a19638) Importer(815301076,1909f56bfc062723c751e8b465ee728b)  -> (artifact id: '6c1b42426331fe5dd91d4f4a30cdae29') in 0.012372 seconds
Number of updated asset objects reloaded before import = 0
Number of asset objects unloaded after import = 2
========================================================================
Received Import Request.
  Time since last request: 0.000013 seconds.
  path: Assets/PNG/star_08.png
  artifactKey: Guid(783e95b19b2e18c43a33a01544abd042) Importer(815301076,1909f56bfc062723c751e8b465ee728b)
Start importing Assets/PNG/star_08.png using Guid(783e95b19b2e18c43a33a01544abd042) Importer(815301076,1909f56bfc062723c751e8b465ee728b)  -> (artifact id: '4dc30404301caeeddec481bcfa2b0bdf') in 0.014628 seconds
Number of updated asset objects reloaded before import = 0
Number of asset objects unloaded after import = 2
========================================================================
Received Import Request.
  Time since last request: 0.000017 seconds.
  path: Assets/PNG/smoke_07.png
  artifactKey: Guid(565cc306bf93d7241bae51a6a1584cb2) Importer(815301076,1909f56bfc062723c751e8b465ee728b)
Start importing Assets/PNG/smoke_07.png using Guid(565cc306bf93d7241bae51a6a1584cb2) Importer(815301076,1909f56bfc062723c751e8b465ee728b)  -> (artifact id: 'c8f01976cd4ba623226cd935e487f474') in 0.012959 seconds
Number of updated asset objects reloaded before import = 0
Number of asset objects unloaded after import = 2
========================================================================
Received Import Request.
  Time since last request: 0.000018 seconds.
  path: Assets/PNG/flame_02.png
  artifactKey: Guid(a840e77f96e8be24cb5f7ffbeb088f6d) Importer(815301076,1909f56bfc062723c751e8b465ee728b)
Start importing Assets/PNG/flame_02.png using Guid(a840e77f96e8be24cb5f7ffbeb088f6d) Importer(815301076,1909f56bfc062723c751e8b465ee728b)  -> (artifact id: 'ddb57267a9ce943b10233df6d134f73b') in 0.018956 seconds
Number of updated asset objects reloaded before import = 0
Number of asset objects unloaded after import = 2
========================================================================
Received Import Request.
  Time since last request: 0.000015 seconds.
  path: Assets/PNG/muzzle_01.png
  artifactKey: Guid(81212f6d705cb39498560e9a15b3c4ae) Importer(815301076,1909f56bfc062723c751e8b465ee728b)
Start importing Assets/PNG/muzzle_01.png using Guid(81212f6d705cb39498560e9a15b3c4ae) Importer(815301076,1909f56bfc062723c751e8b465ee728b)  -> (artifact id: '4ecc248c26e507bfb660c5fc3dbee630') in 0.015314 seconds
Number of updated asset objects reloaded before import = 0
Number of asset objects unloaded after import = 2
========================================================================
Received Import Request.
  Time since last request: 0.000019 seconds.
  path: Assets/PNG/window_03.png
  artifactKey: Guid(3f01f8ed42fe0474c97385958a4fa1aa) Importer(815301076,1909f56bfc062723c751e8b465ee728b)
Start importing Assets/PNG/window_03.png using Guid(3f01f8ed42fe0474c97385958a4fa1aa) Importer(815301076,1909f56bfc062723c751e8b465ee728b)  -> (artifact id: '23003a8d71391e140c92f863070ff201') in 0.019254 seconds
Number of updated asset objects reloaded before import = 0
Number of asset objects unloaded after import = 2
========================================================================
Received Import Request.
  Time since last request: 0.000014 seconds.
  path: Assets/PNG/slash_02.png
  artifactKey: Guid(435fb74687862ac458406491fc5fcc20) Importer(815301076,1909f56bfc062723c751e8b465ee728b)
Start importing Assets/PNG/slash_02.png using Guid(435fb74687862ac458406491fc5fcc20) Importer(815301076,1909f56bfc062723c751e8b465ee728b)  -> (artifact id: '48a60bbaac369350e1e510fefa9da05a') in 0.016275 seconds
Number of updated asset objects reloaded before import = 0
Number of asset objects unloaded after import = 2
========================================================================
Received Import Request.
  Time since last request: 0.000018 seconds.
  path: Assets/PNG/trace_03.png
  artifactKey: Guid(5050a515839ae7b4c8ce393079b69ef9) Importer(815301076,1909f56bfc062723c751e8b465ee728b)
Start importing Assets/PNG/trace_03.png using Guid(5050a515839ae7b4c8ce393079b69ef9) Importer(815301076,1909f56bfc062723c751e8b465ee728b)  -> (artifact id: '518011f57f272b909dec147405e65af9') in 0.017275 seconds
Number of updated asset objects reloaded before import = 0
Number of asset objects unloaded after import = 2
========================================================================
Received Import Request.
  Time since last request: 0.000015 seconds.
  path: Assets/PNG/twirl_02.png
  artifactKey: Guid(9b2c26910b4c10f49aafae2964e5c8e3) Importer(815301076,1909f56bfc062723c751e8b465ee728b)
Start importing Assets/PNG/twirl_02.png using Guid(9b2c26910b4c10f49aafae2964e5c8e3) Importer(815301076,1909f56bfc062723c751e8b465ee728b)  -> (artifact id: 'ac11a2d08b742986b42e69cb5ac144ba') in 0.014348 seconds
Number of updated asset objects reloaded before import = 0
Number of asset objects unloaded after import = 2
========================================================================
Received Import Request.
  Time since last request: 0.000018 seconds.
  path: Assets/PNG
  artifactKey: Guid(e73d1205aa224eb40ab7a9ad3dc6e813) Importer(815301076,1909f56bfc062723c751e8b465ee728b)
Start importing Assets/PNG using Guid(e73d1205aa224eb40ab7a9ad3dc6e813) Importer(815301076,1909f56bfc062723c751e8b465ee728b)  -> (artifact id: '0a90e0011cfe3c680b4723276c084215') in 0.000489 seconds
Number of updated asset objects reloaded before import = 0
Number of asset objects unloaded after import = 0
========================================================================
Received Import Request.
  Time since last request: 0.000028 seconds.
  path: Assets/PNG/dirt_01.png
  artifactKey: Guid(a99407fb93b53b14190baa38d043399b) Importer(815301076,1909f56bfc062723c751e8b465ee728b)
Start importing Assets/PNG/dirt_01.png using Guid(a99407fb93b53b14190baa38d043399b) Importer(815301076,1909f56bfc062723c751e8b465ee728b)  -> (artifact id: 'dfac5a9212ed195fcab10618b3ef85c6') in 0.017912 seconds
Number of updated asset objects reloaded before import = 0
Number of asset objects unloaded after import = 2
========================================================================
Received Import Request.
  Time since last request: 0.000016 seconds.
  path: Assets/PNG/slash_04.png
  artifactKey: Guid(3ff2b7a05c8e2064cbdc868ec4ec0f4c) Importer(815301076,1909f56bfc062723c751e8b465ee728b)
Start importing Assets/PNG/slash_04.png using Guid(3ff2b7a05c8e2064cbdc868ec4ec0f4c) Importer(815301076,1909f56bfc062723c751e8b465ee728b)  -> (artifact id: '05c06c11c0e0f9fa6a7dd7d122423653') in 0.016265 seconds
Number of updated asset objects reloaded before import = 0
Number of asset objects unloaded after import = 2
========================================================================
Received Import Request.
  Time since last request: 0.000021 seconds.
  path: Assets/PNG/flare_01.png
  artifactKey: Guid(f70e42f60ee836a448ac8167921ab122) Importer(815301076,1909f56bfc062723c751e8b465ee728b)
Start importing Assets/PNG/flare_01.png using Guid(f70e42f60ee836a448ac8167921ab122) Importer(815301076,1909f56bfc062723c751e8b465ee728b)  -> (artifact id: 'a63407872051f057960af15e5f79cc6b') in 0.017356 seconds
Number of updated asset objects reloaded before import = 0
Number of asset objects unloaded after import = 2
========================================================================
Received Import Request.
  Time since last request: 0.000017 seconds.
  path: Assets/PNG/smoke_09.png
  artifactKey: Guid(c73e3d58a22545640bb36820d8cd04f4) Importer(815301076,1909f56bfc062723c751e8b465ee728b)
Start importing Assets/PNG/smoke_09.png using Guid(c73e3d58a22545640bb36820d8cd04f4) Importer(815301076,1909f56bfc062723c751e8b465ee728b)  -> (artifact id: 'c6c56a2720a42573ede6742248dc0286') in 0.015076 seconds
Number of updated asset objects reloaded before import = 0
Number of asset objects unloaded after import = 2
========================================================================
Received Import Request.
  Time since last request: 0.000026 seconds.
  path: Assets/PNG/flame_06.png
  artifactKey: Guid(ea72f64dcdc0aa14c89773f2156d161a) Importer(815301076,1909f56bfc062723c751e8b465ee728b)
Start importing Assets/PNG/flame_06.png using Guid(ea72f64dcdc0aa14c89773f2156d161a) Importer(815301076,1909f56bfc062723c751e8b465ee728b)  -> (artifact id: '1c5872b1690bf11b1ee569a8abfe92ac') in 0.015796 seconds
Number of updated asset objects reloaded before import = 0
Number of asset objects unloaded after import = 2
========================================================================
Received Import Request.
  Time since last request: 0.000013 seconds.
  path: Assets/PNG/spark_01.png
  artifactKey: Guid(b95437261599cfa44af179665f6d6cad) Importer(815301076,1909f56bfc062723c751e8b465ee728b)
Start importing Assets/PNG/spark_01.png using Guid(b95437261599cfa44af179665f6d6cad) Importer(815301076,1909f56bfc062723c751e8b465ee728b)  -> (artifact id: 'a87284c3fc9bf43276a1cb8519d97eb7') in 0.013345 seconds
Number of updated asset objects reloaded before import = 0
Number of asset objects unloaded after import = 2
========================================================================
Received Import Request.
  Time since last request: 0.000013 seconds.
  path: Assets/PNG/circle_02.png
  artifactKey: Guid(198d03c4d46712f49968925c416a63ea) Importer(815301076,1909f56bfc062723c751e8b465ee728b)
Start importing Assets/PNG/circle_02.png using Guid(198d03c4d46712f49968925c416a63ea) Importer(815301076,1909f56bfc062723c751e8b465ee728b)  -> (artifact id: 'd71b7c4244df736a2a60219497fac7ed') in 0.013082 seconds
Number of updated asset objects reloaded before import = 0
Number of asset objects unloaded after import = 2
========================================================================
Received Import Request.
  Time since last request: 0.000014 seconds.
  path: Assets/PNG/smoke_04.png
  artifactKey: Guid(de95449c272e70d4cbb48fa36990060e) Importer(815301076,1909f56bfc062723c751e8b465ee728b)
Start importing Assets/PNG/smoke_04.png using Guid(de95449c272e70d4cbb48fa36990060e) Importer(815301076,1909f56bfc062723c751e8b465ee728b)  -> (artifact id: '1070d76b85acf7879eadaf8b2a817439') in 0.012212 seconds
Number of updated asset objects reloaded before import = 0
Number of asset objects unloaded after import = 2
========================================================================
Received Import Request.
  Time since last request: 0.000019 seconds.
  path: Assets/PNG/symbol_01.png
  artifactKey: Guid(b4730a6bec8ce264ab6c5fc3d8b13598) Importer(815301076,1909f56bfc062723c751e8b465ee728b)
Start importing Assets/PNG/symbol_01.png using Guid(b4730a6bec8ce264ab6c5fc3d8b13598) Importer(815301076,1909f56bfc062723c751e8b465ee728b)  -> (artifact id: '7ca1fc9c527ff619806cd1c4f8152dd5') in 0.012432 seconds
Number of updated asset objects reloaded before import = 0
Number of asset objects unloaded after import = 2
========================================================================
Received Import Request.
  Time since last request: 0.000022 seconds.
  path: Assets/PNG/scratch_01.png
  artifactKey: Guid(a1f693e8c9bd70240aaf983a746686c8) Importer(815301076,1909f56bfc062723c751e8b465ee728b)
Start importing Assets/PNG/scratch_01.png using Guid(a1f693e8c9bd70240aaf983a746686c8) Importer(815301076,1909f56bfc062723c751e8b465ee728b)  -> (artifact id: '7b6688ce5651d1004fcdd6815d04e31f') in 0.012224 seconds
Number of updated asset objects reloaded before import = 0
Number of asset objects unloaded after import = 2
========================================================================
Received Import Request.
  Time since last request: 0.000017 seconds.
  path: Assets/PNG/light_03.png
  artifactKey: Guid(e60cdff6ef5984e44a22f7a662a39576) Importer(815301076,1909f56bfc062723c751e8b465ee728b)
Start importing Assets/PNG/light_03.png using Guid(e60cdff6ef5984e44a22f7a662a39576) Importer(815301076,1909f56bfc062723c751e8b465ee728b)  -> (artifact id: '2fce2cb45d754ca435eacf6f47320fd3') in 0.014608 seconds
Number of updated asset objects reloaded before import = 0
Number of asset objects unloaded after import = 2
========================================================================
Received Import Request.
  Time since last request: 0.000015 seconds.
  path: Assets/PNG/dirt_03.png
  artifactKey: Guid(f67eb8abf41aa3c4dbbd7817a35edc24) Importer(815301076,1909f56bfc062723c751e8b465ee728b)
Start importing Assets/PNG/dirt_03.png using Guid(f67eb8abf41aa3c4dbbd7817a35edc24) Importer(815301076,1909f56bfc062723c751e8b465ee728b)  -> (artifact id: 'adf3661ca040eb634180d3a74cb53297') in 0.013815 seconds
Number of updated asset objects reloaded before import = 0
Number of asset objects unloaded after import = 2
========================================================================
Received Import Request.
  Time since last request: 0.000012 seconds.
  path: Assets/PNG/slash_03.png
  artifactKey: Guid(5af5581f11d319f42939c0a846c653c0) Importer(815301076,1909f56bfc062723c751e8b465ee728b)
Start importing Assets/PNG/slash_03.png using Guid(5af5581f11d319f42939c0a846c653c0) Importer(815301076,1909f56bfc062723c751e8b465ee728b)  -> (artifact id: 'eda5e68979edf05b4cf520eb57b196e4') in 0.012450 seconds
Number of updated asset objects reloaded before import = 0
Number of asset objects unloaded after import = 2
========================================================================
Received Import Request.
  Time since last request: 0.000017 seconds.
  path: Assets/PNG/circle_03.png
  artifactKey: Guid(db4dd6860f1dbb84e84f29b6954893b6) Importer(815301076,1909f56bfc062723c751e8b465ee728b)
Start importing Assets/PNG/circle_03.png using Guid(db4dd6860f1dbb84e84f29b6954893b6) Importer(815301076,1909f56bfc062723c751e8b465ee728b)  -> (artifact id: 'dbc7b78f36be1c8c9e53988e790f9464') in 0.012939 seconds
Number of updated asset objects reloaded before import = 0
Number of asset objects unloaded after import = 2
========================================================================
Received Import Request.
  Time since last request: 0.000016 seconds.
  path: Assets/PNG/spark_07.png
  artifactKey: Guid(dfec39f79ecb6bd419abdbd79553f6f9) Importer(815301076,1909f56bfc062723c751e8b465ee728b)
Start importing Assets/PNG/spark_07.png using Guid(dfec39f79ecb6bd419abdbd79553f6f9) Importer(815301076,1909f56bfc062723c751e8b465ee728b)  -> (artifact id: 'e7edd2aecda34d26b6cfdaf932c52a83') in 0.012980 seconds
Number of updated asset objects reloaded before import = 0
Number of asset objects unloaded after import = 2
========================================================================
Received Import Request.
  Time since last request: 0.000026 seconds.
  path: Assets/PNG/window_01.png
  artifactKey: Guid(2aeaae1c00622c7428841b7fde26c647) Importer(815301076,1909f56bfc062723c751e8b465ee728b)
Start importing Assets/PNG/window_01.png using Guid(2aeaae1c00622c7428841b7fde26c647) Importer(815301076,1909f56bfc062723c751e8b465ee728b)  -> (artifact id: '65a531ecfaee24be4e0450c2e2aedd50') in 0.012260 seconds
Number of updated asset objects reloaded before import = 0
Number of asset objects unloaded after import = 2
========================================================================
Received Import Request.
  Time since last request: 0.000013 seconds.
  path: Assets/PNG/fire_02.png
  artifactKey: Guid(4b38423348727ff4a8457f52107414f5) Importer(815301076,1909f56bfc062723c751e8b465ee728b)
Start importing Assets/PNG/fire_02.png using Guid(4b38423348727ff4a8457f52107414f5) Importer(815301076,1909f56bfc062723c751e8b465ee728b)  -> (artifact id: '4ea9ff1b50a854de247692e67789619f') in 0.013744 seconds
Number of updated asset objects reloaded before import = 0
Number of asset objects unloaded after import = 2
========================================================================
Received Import Request.
  Time since last request: 0.000013 seconds.
  path: Assets/PNG/circle_05.png
  artifactKey: Guid(7475615ebc8c1264fbddcf8df5c8c7af) Importer(815301076,1909f56bfc062723c751e8b465ee728b)
Start importing Assets/PNG/circle_05.png using Guid(7475615ebc8c1264fbddcf8df5c8c7af) Importer(815301076,1909f56bfc062723c751e8b465ee728b)  -> (artifact id: '1f6ece4f7f85677fc163dc17751da6df') in 0.012176 seconds
Number of updated asset objects reloaded before import = 0
Number of asset objects unloaded after import = 2
========================================================================
Received Import Request.
  Time since last request: 0.000018 seconds.
  path: Assets/PNG/fire_01.png
  artifactKey: Guid(fbf08979424991f41a72e721e163f6de) Importer(815301076,1909f56bfc062723c751e8b465ee728b)
Start importing Assets/PNG/fire_01.png using Guid(fbf08979424991f41a72e721e163f6de) Importer(815301076,1909f56bfc062723c751e8b465ee728b)  -> (artifact id: '44bb704f7efbcb49b60d54469427d325') in 0.012294 seconds
Number of updated asset objects reloaded before import = 0
Number of asset objects unloaded after import = 2
========================================================================
Received Import Request.
  Time since last request: 0.000017 seconds.
  path: Assets/PNG/flame_01.png
  artifactKey: Guid(4e4c197e1bf050b4c90db5ebece521de) Importer(815301076,1909f56bfc062723c751e8b465ee728b)
Start importing Assets/PNG/flame_01.png using Guid(4e4c197e1bf050b4c90db5ebece521de) Importer(815301076,1909f56bfc062723c751e8b465ee728b)  -> (artifact id: 'e8944ec5990907394b3939ac0188781d') in 0.013112 seconds
Number of updated asset objects reloaded before import = 0
Number of asset objects unloaded after import = 2
========================================================================
Received Import Request.
  Time since last request: 0.000015 seconds.
  path: Assets/PNG/muzzle_05.png
  artifactKey: Guid(57c13ea26815d784d954698f45b56bb6) Importer(815301076,1909f56bfc062723c751e8b465ee728b)
Start importing Assets/PNG/muzzle_05.png using Guid(57c13ea26815d784d954698f45b56bb6) Importer(815301076,1909f56bfc062723c751e8b465ee728b)  -> (artifact id: '5c04233db4e1a66e2216127c7084868e') in 0.013073 seconds
Number of updated asset objects reloaded before import = 0
Number of asset objects unloaded after import = 2
========================================================================
Received Import Request.
  Time since last request: 0.000015 seconds.
  path: Assets/PNG/flame_05.png
  artifactKey: Guid(90acaee3eff1488469ba107aa65d1b2a) Importer(815301076,1909f56bfc062723c751e8b465ee728b)
Start importing Assets/PNG/flame_05.png using Guid(90acaee3eff1488469ba107aa65d1b2a) Importer(815301076,1909f56bfc062723c751e8b465ee728b)  -> (artifact id: '77e7dcc24a88d934a02d5b218a6dbe2a') in 0.012417 seconds
Number of updated asset objects reloaded before import = 0
Number of asset objects unloaded after import = 2
========================================================================
Received Import Request.
  Time since last request: 0.000015 seconds.
  path: Assets/PNG/muzzle_04.png
  artifactKey: Guid(edaa2a58150fab548bc1b0dc3b1fef10) Importer(815301076,1909f56bfc062723c751e8b465ee728b)
Start importing Assets/PNG/muzzle_04.png using Guid(edaa2a58150fab548bc1b0dc3b1fef10) Importer(815301076,1909f56bfc062723c751e8b465ee728b)  -> (artifact id: 'b177965104273e6a9f7e65cf803f2872') in 0.014482 seconds
Number of updated asset objects reloaded before import = 0
Number of asset objects unloaded after import = 2
========================================================================
Received Import Request.
  Time since last request: 0.000016 seconds.
  path: Assets/PNG/circle_04.png
  artifactKey: Guid(56f61abe65d0077489b80694feaf0164) Importer(815301076,1909f56bfc062723c751e8b465ee728b)
Start importing Assets/PNG/circle_04.png using Guid(56f61abe65d0077489b80694feaf0164) Importer(815301076,1909f56bfc062723c751e8b465ee728b)  -> (artifact id: 'd529e13bf5a55a8250a62b7b20cf04c5') in 0.013347 seconds
Number of updated asset objects reloaded before import = 0
Number of asset objects unloaded after import = 2
========================================================================
Received Import Request.
  Time since last request: 0.000015 seconds.
  path: Assets/PNG/flame_03.png
  artifactKey: Guid(77d07759d0cf9e747a2c67fb02f86816) Importer(815301076,1909f56bfc062723c751e8b465ee728b)
Start importing Assets/PNG/flame_03.png using Guid(77d07759d0cf9e747a2c67fb02f86816) Importer(815301076,1909f56bfc062723c751e8b465ee728b)  -> (artifact id: 'a0ef55da49a9ab27876be91d2df6509e') in 0.013397 seconds
Number of updated asset objects reloaded before import = 0
Number of asset objects unloaded after import = 2
========================================================================
Received Import Request.
  Time since last request: 0.000013 seconds.
  path: Assets/PNG/magic_03.png
  artifactKey: Guid(e2be5f05463cdaa48886d549bf6f62f0) Importer(815301076,1909f56bfc062723c751e8b465ee728b)
Start importing Assets/PNG/magic_03.png using Guid(e2be5f05463cdaa48886d549bf6f62f0) Importer(815301076,1909f56bfc062723c751e8b465ee728b)  -> (artifact id: '2a6ddd529d731e888ef310b6b03af969') in 0.012587 seconds
Number of updated asset objects reloaded before import = 0
Number of asset objects unloaded after import = 2
========================================================================
Received Import Request.
  Time since last request: 0.000013 seconds.
  path: Assets/PNG/twirl_03.png
  artifactKey: Guid(86b0bb6adb356f448a5697b0b4adcb8d) Importer(815301076,1909f56bfc062723c751e8b465ee728b)
Start importing Assets/PNG/twirl_03.png using Guid(86b0bb6adb356f448a5697b0b4adcb8d) Importer(815301076,1909f56bfc062723c751e8b465ee728b)  -> (artifact id: '68e24b948fc3b1a7aa67d6319d08bad9') in 0.012478 seconds
Number of updated asset objects reloaded before import = 0
Number of asset objects unloaded after import = 2
========================================================================
Received Import Request.
  Time since last request: 0.000022 seconds.
  path: Assets/PNG/star_05.png
  artifactKey: Guid(fbb5fd8bb23b31544a8b43a609195058) Importer(815301076,1909f56bfc062723c751e8b465ee728b)
Start importing Assets/PNG/star_05.png using Guid(fbb5fd8bb23b31544a8b43a609195058) Importer(815301076,1909f56bfc062723c751e8b465ee728b)  -> (artifact id: '8ce7052077b34038305862b156dee8c6') in 0.014055 seconds
Number of updated asset objects reloaded before import = 0
Number of asset objects unloaded after import = 2
========================================================================
Received Prepare
Begin MonoManager ReloadAssembly
- Loaded All Assemblies, in  0.552 seconds
Refreshing native plugins compatible for Editor in 4.00 ms, found 3 plugins.
Native extension for WindowsStandalone target not found
Native extension for WebGL target not found
[Package Manager] Server::EnsureServerProcessIsRunning -- launch failed, reason: Unity was launched with the -noUpm command-line argument
[Package Manager] UpmClient::Send -- Unable to send message (not connected to UPM process).
[Package Manager] Cannot connect to Unity Package Manager local server
Mono: successfully reloaded assembly
- Finished resetting the current domain, in  1.741 seconds
Domain Reload Profiling: 2290ms
	BeginReloadAssembly (180ms)
		ExecutionOrderSort (0ms)
		DisableScriptedObjects (5ms)
		BackupInstance (0ms)
		ReleaseScriptingObjects (0ms)
		CreateAndSetChildDomain (35ms)
	RebuildCommonClasses (35ms)
	RebuildNativeTypeToScriptingClass (12ms)
	initialDomainReloadingComplete (39ms)
	LoadAllAssembliesAndSetupDomain (284ms)
		LoadAssemblies (372ms)
		RebuildTransferFunctionScriptingTraits (0ms)
		AnalyzeDomain (16ms)
			TypeCache.Refresh (9ms)
				TypeCache.ScanAssembly (0ms)
			ScanForSourceGeneratedMonoScriptInfo (0ms)
			ResolveRequiredComponents (5ms)
	FinalizeReload (1742ms)
		ReleaseScriptCaches (0ms)
		RebuildScriptCaches (0ms)
		SetupLoadedEditorAssemblies (547ms)
			LogAssemblyErrors (0ms)
			InitializePlatformSupportModulesInManaged (12ms)
			SetLoadedEditorAssemblies (6ms)
			RefreshPlugins (0ms)
			BeforeProcessingInitializeOnLoad (85ms)
			ProcessInitializeOnLoadAttributes (404ms)
			ProcessInitializeOnLoadMethodAttributes (27ms)
			AfterProcessingInitializeOnLoad (13ms)
			EditorAssembliesLoaded (0ms)
		ExecutionOrderSort2 (0ms)
		AwakeInstancesAfterBackupRestoration (15ms)
Refreshing native plugins compatible for Editor in 4.97 ms, found 3 plugins.
Preloading 0 native plugins for Editor in 0.00 ms.
Unloading 3088 Unused Serialized files (Serialized files now loaded: 0)
Unloading 23 unused Assets / (31.1 KB). Loaded Objects now: 3598.
Memory consumption went from 132.8 MB to 132.8 MB.
Total: 3.638700 ms (FindLiveObjects: 0.396300 ms CreateObjectMapping: 0.256900 ms MarkObjects: 2.927000 ms  DeleteObjects: 0.057400 ms)

Prepare: number of updated asset objects reloaded= 0
AssetImportParameters requested are different than current active one (requested -> active):
  custom:container-demuxer-ogg: 62fdf1f143b41e24485cea50d1cbac27 -> 
  custom:video-codec-MediaFoundation-h265: 746d11721c4dcdbdad8f713fa42b33f4 -> 
  custom:video-decoder-ogg-theora: a1e56fd34408186e4bbccfd4996cb3dc -> 
  custom:framework-win-MediaFoundation: 216162199b28c13a410421893ffa2e32 -> 
  custom:CustomObjectIndexerAttribute: 9a22284fe3817be447336de3de66b15e -> 
  custom:container-demuxer-webm: 4f35f7cbe854078d1ac9338744f61a02 -> 
  custom:container-muxer-webm: aa71ff27fc2769a1b78a27578f13a17b -> 
  custom:video-decoder-webm-vp8: 9c59270c3fd7afecdb556c50c9e8de78 -> 
  custom:SearchIndexIgnoredProperties: e643bd26f0fe6173181afceb89e7c659 -> 
  custom:AudioImporter_EditorPlatform: d09bf68614088b80899f8185d706f6e7 -> 
  custom:video-encoder-webm-vp8: eb34c28f22e8b96e1ab97ce403110664 -> 
  custom:audio-decoder-ogg-vorbis: bf7c407c2cedff20999df2af8eb42d56 -> 
  custom:audio-encoder-webm-vorbis: bf7c407c2cedff20999df2af8eb42d56 -> 
========================================================================
Received Import Request.
  Time since last request: 413.292004 seconds.
  path: Assets/Materials/OIP.mat
  artifactKey: Guid(a8e073fbed459594fbd16586eb850303) Importer(815301076,1909f56bfc062723c751e8b465ee728b)
Start importing Assets/Materials/OIP.mat using Guid(a8e073fbed459594fbd16586eb850303) Importer(815301076,1909f56bfc062723c751e8b465ee728b)  -> (artifact id: 'a457cee34dfd5853177d3f469406879d') in 0.147314 seconds
Number of updated asset objects reloaded before import = 0
Number of asset objects unloaded after import = 1
========================================================================
Received Import Request.
  Time since last request: 83.520737 seconds.
  path: Assets/TextMesh Pro/Resources/Fonts & Materials/LiberationSans SDF - Fallback.asset
  artifactKey: Guid(2e498d1c8094910479dc3e1b768306a4) Importer(815301076,1909f56bfc062723c751e8b465ee728b)
Start importing Assets/TextMesh Pro/Resources/Fonts & Materials/LiberationSans SDF - Fallback.asset using Guid(2e498d1c8094910479dc3e1b768306a4) Importer(815301076,1909f56bfc062723c751e8b465ee728b)  -> (artifact id: '0da555759b13c497f5f22b7b30178f2b') in 0.051630 seconds
Number of updated asset objects reloaded before import = 0
Number of asset objects unloaded after import = 6
========================================================================
Received Prepare
Begin MonoManager ReloadAssembly
- Loaded All Assemblies, in  0.552 seconds
Refreshing native plugins compatible for Editor in 4.04 ms, found 3 plugins.
Native extension for WindowsStandalone target not found
Native extension for WebGL target not found
[Package Manager] Server::EnsureServerProcessIsRunning -- launch failed, reason: Unity was launched with the -noUpm command-line argument
[Package Manager] UpmClient::Send -- Unable to send message (not connected to UPM process).
[Package Manager] Cannot connect to Unity Package Manager local server
Mono: successfully reloaded assembly
- Finished resetting the current domain, in  1.402 seconds
Domain Reload Profiling: 1950ms
	BeginReloadAssembly (181ms)
		ExecutionOrderSort (0ms)
		DisableScriptedObjects (4ms)
		BackupInstance (0ms)
		ReleaseScriptingObjects (0ms)
		CreateAndSetChildDomain (38ms)
	RebuildCommonClasses (38ms)
	RebuildNativeTypeToScriptingClass (12ms)
	initialDomainReloadingComplete (33ms)
	LoadAllAssembliesAndSetupDomain (283ms)
		LoadAssemblies (374ms)
		RebuildTransferFunctionScriptingTraits (0ms)
		AnalyzeDomain (13ms)
			TypeCache.Refresh (7ms)
				TypeCache.ScanAssembly (0ms)
			ScanForSourceGeneratedMonoScriptInfo (0ms)
			ResolveRequiredComponents (5ms)
	FinalizeReload (1402ms)
		ReleaseScriptCaches (0ms)
		RebuildScriptCaches (0ms)
		SetupLoadedEditorAssemblies (567ms)
			LogAssemblyErrors (0ms)
			InitializePlatformSupportModulesInManaged (12ms)
			SetLoadedEditorAssemblies (7ms)
			RefreshPlugins (0ms)
			BeforeProcessingInitializeOnLoad (88ms)
			ProcessInitializeOnLoadAttributes (421ms)
			ProcessInitializeOnLoadMethodAttributes (28ms)
			AfterProcessingInitializeOnLoad (10ms)
			EditorAssembliesLoaded (0ms)
		ExecutionOrderSort2 (0ms)
		AwakeInstancesAfterBackupRestoration (15ms)
Refreshing native plugins compatible for Editor in 5.09 ms, found 3 plugins.
Preloading 0 native plugins for Editor in 0.00 ms.
Unloading 3088 Unused Serialized files (Serialized files now loaded: 0)
Unloading 23 unused Assets / (31.1 KB). Loaded Objects now: 3644.
Memory consumption went from 139.4 MB to 139.4 MB.
Total: 3.583800 ms (FindLiveObjects: 0.377900 ms CreateObjectMapping: 0.242600 ms MarkObjects: 2.891500 ms  DeleteObjects: 0.048400 ms)

Prepare: number of updated asset objects reloaded= 0
AssetImportParameters requested are different than current active one (requested -> active):
  custom:container-demuxer-ogg: 62fdf1f143b41e24485cea50d1cbac27 -> 
  custom:video-codec-MediaFoundation-h265: 746d11721c4dcdbdad8f713fa42b33f4 -> 
  custom:video-decoder-ogg-theora: a1e56fd34408186e4bbccfd4996cb3dc -> 
  custom:framework-win-MediaFoundation: 216162199b28c13a410421893ffa2e32 -> 
  custom:CustomObjectIndexerAttribute: 9a22284fe3817be447336de3de66b15e -> 
  custom:container-demuxer-webm: 4f35f7cbe854078d1ac9338744f61a02 -> 
  custom:container-muxer-webm: aa71ff27fc2769a1b78a27578f13a17b -> 
  custom:video-decoder-webm-vp8: 9c59270c3fd7afecdb556c50c9e8de78 -> 
  custom:SearchIndexIgnoredProperties: e643bd26f0fe6173181afceb89e7c659 -> 
  custom:AudioImporter_EditorPlatform: d09bf68614088b80899f8185d706f6e7 -> 
  custom:video-encoder-webm-vp8: eb34c28f22e8b96e1ab97ce403110664 -> 
  custom:audio-decoder-ogg-vorbis: bf7c407c2cedff20999df2af8eb42d56 -> 
  custom:audio-encoder-webm-vorbis: bf7c407c2cedff20999df2af8eb42d56 -> 
