Using pre-set license
Built from '2022.3/staging' branch; Version is '2022.3.21f1 (bf09ca542b87) revision 12519882'; Using compiler version '192829333'; Build Type 'Release'
OS: 'Windows 10  (10.0.19045) 64bit Core' Language: 'en' Physical Memory: 8003 MB
BatchMode: 1, IsHumanControllingUs: 0, StartBugReporterOnCrash: 0, Is64bit: 1, IsPro: 1

COMMAND LINE ARGUMENTS:
C:\Program Files\Unity\Hub\Editor\2022.3.21f1\Editor\Unity.exe
-adb2
-batchMode
-noUpm
-name
AssetImportWorker0
-projectPath
C:/Users/dcaro/Documents/GitHub/AVR-600-demo
-logFile
Logs/AssetImportWorker0.log
-srvPort
58892
Successfully changed project path to: C:/Users/dcaro/Documents/GitHub/AVR-600-demo
C:/Users/dcaro/Documents/GitHub/AVR-600-demo
[UnityMemory] Configuration Parameters - Can be set up in boot.config
    "memorysetup-bucket-allocator-granularity=16"
    "memorysetup-bucket-allocator-bucket-count=8"
    "memorysetup-bucket-allocator-block-size=33554432"
    "memorysetup-bucket-allocator-block-count=8"
    "memorysetup-main-allocator-block-size=16777216"
    "memorysetup-thread-allocator-block-size=16777216"
    "memorysetup-gfx-main-allocator-block-size=16777216"
    "memorysetup-gfx-thread-allocator-block-size=16777216"
    "memorysetup-cache-allocator-block-size=4194304"
    "memorysetup-typetree-allocator-block-size=2097152"
    "memorysetup-profiler-bucket-allocator-granularity=16"
    "memorysetup-profiler-bucket-allocator-bucket-count=8"
    "memorysetup-profiler-bucket-allocator-block-size=33554432"
    "memorysetup-profiler-bucket-allocator-block-count=8"
    "memorysetup-profiler-allocator-block-size=16777216"
    "memorysetup-profiler-editor-allocator-block-size=1048576"
    "memorysetup-temp-allocator-size-main=16777216"
    "memorysetup-job-temp-allocator-block-size=2097152"
    "memorysetup-job-temp-allocator-block-size-background=1048576"
    "memorysetup-job-temp-allocator-reduction-small-platforms=262144"
    "memorysetup-allocator-temp-initial-block-size-main=262144"
    "memorysetup-allocator-temp-initial-block-size-worker=262144"
    "memorysetup-temp-allocator-size-background-worker=32768"
    "memorysetup-temp-allocator-size-job-worker=262144"
    "memorysetup-temp-allocator-size-preload-manager=33554432"
    "memorysetup-temp-allocator-size-nav-mesh-worker=65536"
    "memorysetup-temp-allocator-size-audio-worker=65536"
    "memorysetup-temp-allocator-size-cloud-worker=32768"
    "memorysetup-temp-allocator-size-gi-baking-worker=262144"
    "memorysetup-temp-allocator-size-gfx=262144"
Player connection [22808] Host "[IP] 192.168.4.199 [Port] 0 [Flags] 2 [Guid] 1739318492 [EditorId] 1739318492 [Version] 1048832 [Id] WindowsEditor(7,DESKTOP-2IF786O) [Debug] 1 [PackageName] WindowsEditor [ProjectName] Editor" joined multi-casting on [225.0.0.222:54997]...

Player connection [22808] Host "[IP] 192.168.4.199 [Port] 0 [Flags] 2 [Guid] 1739318492 [EditorId] 1739318492 [Version] 1048832 [Id] WindowsEditor(7,DESKTOP-2IF786O) [Debug] 1 [PackageName] WindowsEditor [ProjectName] Editor" joined alternative multi-casting on [225.0.0.222:34997]...

[Physics::Module] Initialized MultithreadedJobDispatcher with 7 workers.
Refreshing native plugins compatible for Editor in 11.29 ms, found 3 plugins.
Preloading 0 native plugins for Editor in 0.00 ms.
Initialize engine version: 2022.3.21f1 (bf09ca542b87)
[Subsystems] Discovering subsystems at path C:/Program Files/Unity/Hub/Editor/2022.3.21f1/Editor/Data/Resources/UnitySubsystems
[Subsystems] Discovering subsystems at path C:/Users/dcaro/Documents/GitHub/AVR-600-demo/Assets
GfxDevice: creating device client; threaded=0; jobified=0
Direct3D:
    Version:  Direct3D 11.0 [level 11.1]
    Renderer: NVIDIA GeForce GTX 1660 Ti with Max-Q Design (ID=0x2191)
    Vendor:   NVIDIA
    VRAM:     5991 MB
    Driver:   30.0.15.1272
Initialize mono
Mono path[0] = 'C:/Program Files/Unity/Hub/Editor/2022.3.21f1/Editor/Data/Managed'
Mono path[1] = 'C:/Program Files/Unity/Hub/Editor/2022.3.21f1/Editor/Data/MonoBleedingEdge/lib/mono/unityjit-win32'
Mono config path = 'C:/Program Files/Unity/Hub/Editor/2022.3.21f1/Editor/Data/MonoBleedingEdge/etc'
Using monoOptions --debugger-agent=transport=dt_socket,embedding=1,server=y,suspend=n,address=127.0.0.1:56424
Begin MonoManager ReloadAssembly
Registering precompiled unity dll's ...
Register platform support module: C:/Program Files/Unity/Hub/Editor/2022.3.21f1/Editor/Data/PlaybackEngines/WebGLSupport/UnityEditor.WebGL.Extensions.dll
Register platform support module: C:/Program Files/Unity/Hub/Editor/2022.3.21f1/Editor/Data/PlaybackEngines/WindowsStandaloneSupport/UnityEditor.WindowsStandalone.Extensions.dll
Registered in 0.015271 seconds.
- Loaded All Assemblies, in  0.451 seconds
Native extension for WindowsStandalone target not found
Native extension for WebGL target not found
Mono: successfully reloaded assembly
- Finished resetting the current domain, in  0.337 seconds
Domain Reload Profiling: 786ms
	BeginReloadAssembly (133ms)
		ExecutionOrderSort (0ms)
		DisableScriptedObjects (0ms)
		BackupInstance (0ms)
		ReleaseScriptingObjects (0ms)
		CreateAndSetChildDomain (1ms)
	RebuildCommonClasses (51ms)
	RebuildNativeTypeToScriptingClass (13ms)
	initialDomainReloadingComplete (78ms)
	LoadAllAssembliesAndSetupDomain (174ms)
		LoadAssemblies (131ms)
		RebuildTransferFunctionScriptingTraits (0ms)
		AnalyzeDomain (172ms)
			TypeCache.Refresh (169ms)
				TypeCache.ScanAssembly (153ms)
			ScanForSourceGeneratedMonoScriptInfo (1ms)
			ResolveRequiredComponents (1ms)
	FinalizeReload (337ms)
		ReleaseScriptCaches (0ms)
		RebuildScriptCaches (0ms)
		SetupLoadedEditorAssemblies (264ms)
			LogAssemblyErrors (0ms)
			InitializePlatformSupportModulesInManaged (14ms)
			SetLoadedEditorAssemblies (6ms)
			RefreshPlugins (0ms)
			BeforeProcessingInitializeOnLoad (3ms)
			ProcessInitializeOnLoadAttributes (179ms)
			ProcessInitializeOnLoadMethodAttributes (62ms)
			AfterProcessingInitializeOnLoad (0ms)
			EditorAssembliesLoaded (0ms)
		ExecutionOrderSort2 (0ms)
		AwakeInstancesAfterBackupRestoration (0ms)
========================================================================
Worker process is ready to serve import requests
Begin MonoManager ReloadAssembly
- Loaded All Assemblies, in  0.771 seconds
Refreshing native plugins compatible for Editor in 3.50 ms, found 3 plugins.
Native extension for WindowsStandalone target not found
Native extension for WebGL target not found
Package Manager log level set to [2]
[Package Manager] Server::EnsureServerProcessIsRunning -- launch failed, reason: Unity was launched with the -noUpm command-line argument
[Package Manager] UpmClient::Send -- Unable to send message (not connected to UPM process).
[Package Manager] Cannot connect to Unity Package Manager local server
Mono: successfully reloaded assembly
- Finished resetting the current domain, in  0.689 seconds
Domain Reload Profiling: 1456ms
	BeginReloadAssembly (191ms)
		ExecutionOrderSort (0ms)
		DisableScriptedObjects (8ms)
		BackupInstance (0ms)
		ReleaseScriptingObjects (0ms)
		CreateAndSetChildDomain (28ms)
	RebuildCommonClasses (42ms)
	RebuildNativeTypeToScriptingClass (21ms)
	initialDomainReloadingComplete (55ms)
	LoadAllAssembliesAndSetupDomain (458ms)
		LoadAssemblies (355ms)
		RebuildTransferFunctionScriptingTraits (0ms)
		AnalyzeDomain (212ms)
			TypeCache.Refresh (190ms)
				TypeCache.ScanAssembly (174ms)
			ScanForSourceGeneratedMonoScriptInfo (15ms)
			ResolveRequiredComponents (5ms)
	FinalizeReload (689ms)
		ReleaseScriptCaches (0ms)
		RebuildScriptCaches (0ms)
		SetupLoadedEditorAssemblies (503ms)
			LogAssemblyErrors (0ms)
			InitializePlatformSupportModulesInManaged (10ms)
			SetLoadedEditorAssemblies (5ms)
			RefreshPlugins (0ms)
			BeforeProcessingInitializeOnLoad (71ms)
			ProcessInitializeOnLoadAttributes (380ms)
			ProcessInitializeOnLoadMethodAttributes (26ms)
			AfterProcessingInitializeOnLoad (11ms)
			EditorAssembliesLoaded (0ms)
		ExecutionOrderSort2 (0ms)
		AwakeInstancesAfterBackupRestoration (10ms)
Launched and connected shader compiler UnityShaderCompiler.exe after 0.06 seconds
Refreshing native plugins compatible for Editor in 5.22 ms, found 3 plugins.
Preloading 0 native plugins for Editor in 0.00 ms.
Unloading 3109 Unused Serialized files (Serialized files now loaded: 0)
Unloading 32 unused Assets / (57.6 KB). Loaded Objects now: 3592.
Memory consumption went from 135.1 MB to 135.1 MB.
Total: 3.195200 ms (FindLiveObjects: 0.332200 ms CreateObjectMapping: 0.244300 ms MarkObjects: 2.502900 ms  DeleteObjects: 0.114900 ms)

AssetImportParameters requested are different than current active one (requested -> active):
  custom:container-demuxer-ogg: 62fdf1f143b41e24485cea50d1cbac27 -> 
  custom:video-codec-MediaFoundation-h265: 746d11721c4dcdbdad8f713fa42b33f4 -> 
  custom:video-decoder-ogg-theora: a1e56fd34408186e4bbccfd4996cb3dc -> 
  custom:framework-win-MediaFoundation: 216162199b28c13a410421893ffa2e32 -> 
  custom:CustomObjectIndexerAttribute: 9a22284fe3817be447336de3de66b15e -> 
  custom:container-demuxer-webm: 4f35f7cbe854078d1ac9338744f61a02 -> 
  custom:container-muxer-webm: aa71ff27fc2769a1b78a27578f13a17b -> 
  custom:video-decoder-webm-vp8: 9c59270c3fd7afecdb556c50c9e8de78 -> 
  custom:SearchIndexIgnoredProperties: e643bd26f0fe6173181afceb89e7c659 -> 
  custom:AudioImporter_EditorPlatform: d09bf68614088b80899f8185d706f6e7 -> 
  custom:video-encoder-webm-vp8: eb34c28f22e8b96e1ab97ce403110664 -> 
  custom:audio-decoder-ogg-vorbis: bf7c407c2cedff20999df2af8eb42d56 -> 
  custom:audio-encoder-webm-vorbis: bf7c407c2cedff20999df2af8eb42d56 -> 
========================================================================
Received Import Request.
  Time since last request: 1211222.326265 seconds.
  path: Assets/PNG/magic_05.png
  artifactKey: Guid(9881d17d83448944fbda5454d0a8a6f5) Importer(815301076,1909f56bfc062723c751e8b465ee728b)
Start importing Assets/PNG/magic_05.png using Guid(9881d17d83448944fbda5454d0a8a6f5) Importer(815301076,1909f56bfc062723c751e8b465ee728b)  -> (artifact id: '982309ea3789193ecc45f7dfc4e38f50') in 0.077778 seconds
Number of updated asset objects reloaded before import = 0
Number of asset objects unloaded after import = 2
========================================================================
Received Import Request.
  Time since last request: 0.000034 seconds.
  path: Assets/PNG/light_01.png
  artifactKey: Guid(a15a0a0d199f27b46adf11903f6abc83) Importer(815301076,1909f56bfc062723c751e8b465ee728b)
Start importing Assets/PNG/light_01.png using Guid(a15a0a0d199f27b46adf11903f6abc83) Importer(815301076,1909f56bfc062723c751e8b465ee728b)  -> (artifact id: '88c54ff41370498f9ae7d2022a825f71') in 0.022771 seconds
Number of updated asset objects reloaded before import = 0
Number of asset objects unloaded after import = 2
========================================================================
Received Import Request.
  Time since last request: 0.000019 seconds.
  path: Assets/PNG/spark_04.png
  artifactKey: Guid(e0c9e22c7ca08804893d16542c912a9b) Importer(815301076,1909f56bfc062723c751e8b465ee728b)
Start importing Assets/PNG/spark_04.png using Guid(e0c9e22c7ca08804893d16542c912a9b) Importer(815301076,1909f56bfc062723c751e8b465ee728b)  -> (artifact id: 'f087ac38a0219700c79e488f480ebe6e') in 0.017800 seconds
Number of updated asset objects reloaded before import = 0
Number of asset objects unloaded after import = 2
========================================================================
Received Import Request.
  Time since last request: 0.000015 seconds.
  path: Assets/PNG/spark_02.png
  artifactKey: Guid(ae0d2c0b141ae20428f9192488dee3de) Importer(815301076,1909f56bfc062723c751e8b465ee728b)
Start importing Assets/PNG/spark_02.png using Guid(ae0d2c0b141ae20428f9192488dee3de) Importer(815301076,1909f56bfc062723c751e8b465ee728b)  -> (artifact id: '192ff8f7f805a1af846dc3cb7884e1ef') in 0.014791 seconds
Number of updated asset objects reloaded before import = 0
Number of asset objects unloaded after import = 2
========================================================================
Received Import Request.
  Time since last request: 0.000019 seconds.
  path: Assets/PNG/scorch_03.png
  artifactKey: Guid(3eba7854dc35bdc46bfa89cc6e1a6596) Importer(815301076,1909f56bfc062723c751e8b465ee728b)
Start importing Assets/PNG/scorch_03.png using Guid(3eba7854dc35bdc46bfa89cc6e1a6596) Importer(815301076,1909f56bfc062723c751e8b465ee728b)  -> (artifact id: '87ace2446f9fc62c75a374122e6695a7') in 0.013923 seconds
Number of updated asset objects reloaded before import = 0
Number of asset objects unloaded after import = 2
========================================================================
Received Import Request.
  Time since last request: 0.000013 seconds.
  path: Assets/PNG/trace_04.png
  artifactKey: Guid(27bd6c2ed9e0cf34db1a0b0a424ea539) Importer(815301076,1909f56bfc062723c751e8b465ee728b)
Start importing Assets/PNG/trace_04.png using Guid(27bd6c2ed9e0cf34db1a0b0a424ea539) Importer(815301076,1909f56bfc062723c751e8b465ee728b)  -> (artifact id: 'aa36dd3876613cb11a89926aa697f805') in 0.019024 seconds
Number of updated asset objects reloaded before import = 0
Number of asset objects unloaded after import = 2
========================================================================
Received Import Request.
  Time since last request: 0.000014 seconds.
  path: Assets/PNG/magic_04.png
  artifactKey: Guid(a28d0cfda2dbe3744a4b4047f512455e) Importer(815301076,1909f56bfc062723c751e8b465ee728b)
Start importing Assets/PNG/magic_04.png using Guid(a28d0cfda2dbe3744a4b4047f512455e) Importer(815301076,1909f56bfc062723c751e8b465ee728b)  -> (artifact id: '64004e01bda92e3966fb4d00fe260046') in 0.012777 seconds
Number of updated asset objects reloaded before import = 0
Number of asset objects unloaded after import = 2
========================================================================
Received Import Request.
  Time since last request: 0.000020 seconds.
  path: Assets/PNG/trace_06.png
  artifactKey: Guid(9b1473ee348f2794db60d2c52f4bbc17) Importer(815301076,1909f56bfc062723c751e8b465ee728b)
Start importing Assets/PNG/trace_06.png using Guid(9b1473ee348f2794db60d2c52f4bbc17) Importer(815301076,1909f56bfc062723c751e8b465ee728b)  -> (artifact id: 'c83a05bba46a558b1b1275d720394f03') in 0.019365 seconds
Number of updated asset objects reloaded before import = 0
Number of asset objects unloaded after import = 2
========================================================================
Received Import Request.
  Time since last request: 0.000015 seconds.
  path: Assets/PNG/scorch_02.png
  artifactKey: Guid(dcaa41425c9a1254ba511d58289d3b6e) Importer(815301076,1909f56bfc062723c751e8b465ee728b)
Start importing Assets/PNG/scorch_02.png using Guid(dcaa41425c9a1254ba511d58289d3b6e) Importer(815301076,1909f56bfc062723c751e8b465ee728b)  -> (artifact id: '043ccb91a87d42d6dcdfeb7dc3d9f81b') in 0.029701 seconds
Number of updated asset objects reloaded before import = 0
Number of asset objects unloaded after import = 2
========================================================================
Received Import Request.
  Time since last request: 0.000024 seconds.
  path: Assets/PNG/spark_03.png
  artifactKey: Guid(338c15163ec2f794fb5babb5bade2a3a) Importer(815301076,1909f56bfc062723c751e8b465ee728b)
Start importing Assets/PNG/spark_03.png using Guid(338c15163ec2f794fb5babb5bade2a3a) Importer(815301076,1909f56bfc062723c751e8b465ee728b)  -> (artifact id: 'd90a6ad9a61181e9c7fb595f3d93cdf6') in 0.015844 seconds
Number of updated asset objects reloaded before import = 0
Number of asset objects unloaded after import = 2
========================================================================
Received Import Request.
  Time since last request: 0.000016 seconds.
  path: Assets/PNG/star_07.png
  artifactKey: Guid(9f21be0d438d24048a143d331088cf67) Importer(815301076,1909f56bfc062723c751e8b465ee728b)
Start importing Assets/PNG/star_07.png using Guid(9f21be0d438d24048a143d331088cf67) Importer(815301076,1909f56bfc062723c751e8b465ee728b)  -> (artifact id: '9e80da56f5ee9007ef3cbe0091bdaea9') in 0.014744 seconds
Number of updated asset objects reloaded before import = 0
Number of asset objects unloaded after import = 2
========================================================================
Received Import Request.
  Time since last request: 0.000015 seconds.
  path: Assets/PNG/star_04.png
  artifactKey: Guid(a0af3d18d65974247b9d2e55a9b48e0d) Importer(815301076,1909f56bfc062723c751e8b465ee728b)
Start importing Assets/PNG/star_04.png using Guid(a0af3d18d65974247b9d2e55a9b48e0d) Importer(815301076,1909f56bfc062723c751e8b465ee728b)  -> (artifact id: '30bf35ca5bcbf57c4b4041c6fa1af735') in 0.015294 seconds
Number of updated asset objects reloaded before import = 0
Number of asset objects unloaded after import = 2
========================================================================
Received Import Request.
  Time since last request: 0.000023 seconds.
  path: Assets/PNG/dirt_02.png
  artifactKey: Guid(c26bb38a37c71de488baf429c4ebab48) Importer(815301076,1909f56bfc062723c751e8b465ee728b)
Start importing Assets/PNG/dirt_02.png using Guid(c26bb38a37c71de488baf429c4ebab48) Importer(815301076,1909f56bfc062723c751e8b465ee728b)  -> (artifact id: 'c3bb5bbbd4799435f7164a8d5ac49b9e') in 0.016815 seconds
Number of updated asset objects reloaded before import = 0
Number of asset objects unloaded after import = 2
========================================================================
Received Import Request.
  Time since last request: 0.000030 seconds.
  path: Assets/PNG/flame_04.png
  artifactKey: Guid(7d584f828060b67489e345dc6abfe236) Importer(815301076,1909f56bfc062723c751e8b465ee728b)
Start importing Assets/PNG/flame_04.png using Guid(7d584f828060b67489e345dc6abfe236) Importer(815301076,1909f56bfc062723c751e8b465ee728b)  -> (artifact id: '85511c89e799ffbfdade153308bf0119') in 0.015108 seconds
Number of updated asset objects reloaded before import = 0
Number of asset objects unloaded after import = 2
========================================================================
Received Import Request.
  Time since last request: 0.000020 seconds.
  path: Assets/PNG/magic_01.png
  artifactKey: Guid(1a807cb00a3853846bf09223d0a9d580) Importer(815301076,1909f56bfc062723c751e8b465ee728b)
Start importing Assets/PNG/magic_01.png using Guid(1a807cb00a3853846bf09223d0a9d580) Importer(815301076,1909f56bfc062723c751e8b465ee728b)  -> (artifact id: 'f5f29a9a03cdefcc5dccdd06719f1f2d') in 0.013421 seconds
Number of updated asset objects reloaded before import = 0
Number of asset objects unloaded after import = 2
========================================================================
Received Import Request.
  Time since last request: 0.000017 seconds.
  path: Assets/PNG/window_02.png
  artifactKey: Guid(901414ec3e90b5148a06784a7559c28f) Importer(815301076,1909f56bfc062723c751e8b465ee728b)
Start importing Assets/PNG/window_02.png using Guid(901414ec3e90b5148a06784a7559c28f) Importer(815301076,1909f56bfc062723c751e8b465ee728b)  -> (artifact id: '0d4c3a6225f2d4c9c22e45c6084bc8a8') in 0.011262 seconds
Number of updated asset objects reloaded before import = 0
Number of asset objects unloaded after import = 2
========================================================================
Received Import Request.
  Time since last request: 0.000017 seconds.
  path: Assets/PNG/trace_07.png
  artifactKey: Guid(7d9ad24ceb8e92c4c872406f28f3a033) Importer(815301076,1909f56bfc062723c751e8b465ee728b)
Start importing Assets/PNG/trace_07.png using Guid(7d9ad24ceb8e92c4c872406f28f3a033) Importer(815301076,1909f56bfc062723c751e8b465ee728b)  -> (artifact id: 'a5b67091f840c787c46a30e36e0301f4') in 0.013383 seconds
Number of updated asset objects reloaded before import = 0
Number of asset objects unloaded after import = 2
========================================================================
Received Import Request.
  Time since last request: 0.000016 seconds.
  path: Assets/PNG/smoke_08.png
  artifactKey: Guid(1afc1202e0cb14346922dfe709fddd3d) Importer(815301076,1909f56bfc062723c751e8b465ee728b)
Start importing Assets/PNG/smoke_08.png using Guid(1afc1202e0cb14346922dfe709fddd3d) Importer(815301076,1909f56bfc062723c751e8b465ee728b)  -> (artifact id: '3667f76899ea7b4194b2c35a44d40b9d') in 0.013225 seconds
Number of updated asset objects reloaded before import = 0
Number of asset objects unloaded after import = 2
========================================================================
Received Import Request.
  Time since last request: 0.000015 seconds.
  path: Assets/PNG/trace_01.png
  artifactKey: Guid(43682c8b897c8a447b303fa11933852d) Importer(815301076,1909f56bfc062723c751e8b465ee728b)
Start importing Assets/PNG/trace_01.png using Guid(43682c8b897c8a447b303fa11933852d) Importer(815301076,1909f56bfc062723c751e8b465ee728b)  -> (artifact id: '8bd9b70b0ae4228ff88b3c02923abcf2') in 0.012544 seconds
Number of updated asset objects reloaded before import = 0
Number of asset objects unloaded after import = 2
========================================================================
Received Import Request.
  Time since last request: 0.000014 seconds.
  path: Assets/PNG/symbol_02.png
  artifactKey: Guid(7798a298924b31f45a895b4c07aab9c5) Importer(815301076,1909f56bfc062723c751e8b465ee728b)
Start importing Assets/PNG/symbol_02.png using Guid(7798a298924b31f45a895b4c07aab9c5) Importer(815301076,1909f56bfc062723c751e8b465ee728b)  -> (artifact id: 'e3e1e5d2c086d5e5429419ae02202dc9') in 0.012457 seconds
Number of updated asset objects reloaded before import = 0
Number of asset objects unloaded after import = 2
========================================================================
Received Import Request.
  Time since last request: 0.000015 seconds.
  path: Assets/PNG/circle_01.png
  artifactKey: Guid(62b737c788ee41b4c89720b9eb6df429) Importer(815301076,1909f56bfc062723c751e8b465ee728b)
Start importing Assets/PNG/circle_01.png using Guid(62b737c788ee41b4c89720b9eb6df429) Importer(815301076,1909f56bfc062723c751e8b465ee728b)  -> (artifact id: 'ae60d38893504ba2017ddc447b524c9f') in 0.012124 seconds
Number of updated asset objects reloaded before import = 0
Number of asset objects unloaded after import = 2
========================================================================
Received Import Request.
  Time since last request: 0.000015 seconds.
  path: Assets/PNG/smoke_02.png
  artifactKey: Guid(fde403737215f3c4ba74cf9996902da2) Importer(815301076,1909f56bfc062723c751e8b465ee728b)
Start importing Assets/PNG/smoke_02.png using Guid(fde403737215f3c4ba74cf9996902da2) Importer(815301076,1909f56bfc062723c751e8b465ee728b)  -> (artifact id: '5531ddf4b1f40f3aa2370153db4baa29') in 0.014783 seconds
Number of updated asset objects reloaded before import = 0
Number of asset objects unloaded after import = 2
========================================================================
Received Import Request.
  Time since last request: 0.000014 seconds.
  path: Assets/PNG/star_01.png
  artifactKey: Guid(49365181c044ac3418f6c5a95c47c586) Importer(815301076,1909f56bfc062723c751e8b465ee728b)
Start importing Assets/PNG/star_01.png using Guid(49365181c044ac3418f6c5a95c47c586) Importer(815301076,1909f56bfc062723c751e8b465ee728b)  -> (artifact id: 'be15db2a42bc743879e5e6c26acc75d1') in 0.013168 seconds
Number of updated asset objects reloaded before import = 0
Number of asset objects unloaded after import = 2
========================================================================
Received Import Request.
  Time since last request: 0.000017 seconds.
  path: Assets/PNG/magic_02.png
  artifactKey: Guid(8fcbde7ee47c8c14fbb5e827aaef7052) Importer(815301076,1909f56bfc062723c751e8b465ee728b)
Start importing Assets/PNG/magic_02.png using Guid(8fcbde7ee47c8c14fbb5e827aaef7052) Importer(815301076,1909f56bfc062723c751e8b465ee728b)  -> (artifact id: 'b452ac8fabacd4141680dd85d4b56c09') in 0.012495 seconds
Number of updated asset objects reloaded before import = 0
Number of asset objects unloaded after import = 2
========================================================================
Received Import Request.
  Time since last request: 0.000016 seconds.
  path: Assets/PNG/muzzle_02.png
  artifactKey: Guid(72c96b13b1a0b8047bcbe11650948a62) Importer(815301076,1909f56bfc062723c751e8b465ee728b)
Start importing Assets/PNG/muzzle_02.png using Guid(72c96b13b1a0b8047bcbe11650948a62) Importer(815301076,1909f56bfc062723c751e8b465ee728b)  -> (artifact id: '9871ae17d12e38365bab3fce8d906935') in 0.012760 seconds
Number of updated asset objects reloaded before import = 0
Number of asset objects unloaded after import = 2
========================================================================
Received Import Request.
  Time since last request: 0.000016 seconds.
  path: Assets/PNG/star_02.png
  artifactKey: Guid(5e01d4af4dc21d245829687f861e6877) Importer(815301076,1909f56bfc062723c751e8b465ee728b)
Start importing Assets/PNG/star_02.png using Guid(5e01d4af4dc21d245829687f861e6877) Importer(815301076,1909f56bfc062723c751e8b465ee728b)  -> (artifact id: 'f8d98c01d6e95295424a5f4f24b3e31a') in 0.013105 seconds
Number of updated asset objects reloaded before import = 0
Number of asset objects unloaded after import = 2
========================================================================
Received Import Request.
  Time since last request: 0.000015 seconds.
  path: Assets/PNG/star_09.png
  artifactKey: Guid(5ebd1456bf67a3d42b56caf48b38ed90) Importer(815301076,1909f56bfc062723c751e8b465ee728b)
Start importing Assets/PNG/star_09.png using Guid(5ebd1456bf67a3d42b56caf48b38ed90) Importer(815301076,1909f56bfc062723c751e8b465ee728b)  -> (artifact id: '68ace49e37611e2c48b395dd5e4cba7d') in 0.011942 seconds
Number of updated asset objects reloaded before import = 0
Number of asset objects unloaded after import = 2
========================================================================
Received Import Request.
  Time since last request: 0.000015 seconds.
  path: Assets/PNG/smoke_05.png
  artifactKey: Guid(11783f007b4c1d748bab524ac0be3087) Importer(815301076,1909f56bfc062723c751e8b465ee728b)
Start importing Assets/PNG/smoke_05.png using Guid(11783f007b4c1d748bab524ac0be3087) Importer(815301076,1909f56bfc062723c751e8b465ee728b)  -> (artifact id: '38084a60ce0dd1a9bdf0356260fa76bd') in 0.013826 seconds
Number of updated asset objects reloaded before import = 0
Number of asset objects unloaded after import = 2
========================================================================
Received Import Request.
  Time since last request: 0.000018 seconds.
  path: Assets/PNG/star_03.png
  artifactKey: Guid(387511d048dac204a875554d70a48a73) Importer(815301076,1909f56bfc062723c751e8b465ee728b)
Start importing Assets/PNG/star_03.png using Guid(387511d048dac204a875554d70a48a73) Importer(815301076,1909f56bfc062723c751e8b465ee728b)  -> (artifact id: '9c45ac25a686e975900e7677c3dafa09') in 0.012556 seconds
Number of updated asset objects reloaded before import = 0
Number of asset objects unloaded after import = 2
========================================================================
Received Import Request.
  Time since last request: 0.000024 seconds.
  path: Assets/PNG/smoke_10.png
  artifactKey: Guid(dc255bcb495807a4cb7023189e3f3e46) Importer(815301076,1909f56bfc062723c751e8b465ee728b)
Start importing Assets/PNG/smoke_10.png using Guid(dc255bcb495807a4cb7023189e3f3e46) Importer(815301076,1909f56bfc062723c751e8b465ee728b)  -> (artifact id: '96725a06076f55e4109daaafda2f5307') in 0.012212 seconds
Number of updated asset objects reloaded before import = 0
Number of asset objects unloaded after import = 2
========================================================================
Received Import Request.
  Time since last request: 0.000015 seconds.
  path: Assets/PNG/light_02.png
  artifactKey: Guid(5aac8b21de3d2c44faf26a276b573e51) Importer(815301076,1909f56bfc062723c751e8b465ee728b)
Start importing Assets/PNG/light_02.png using Guid(5aac8b21de3d2c44faf26a276b573e51) Importer(815301076,1909f56bfc062723c751e8b465ee728b)  -> (artifact id: '79155015b28699b6afbf1c30157dab14') in 0.012898 seconds
Number of updated asset objects reloaded before import = 0
Number of asset objects unloaded after import = 2
========================================================================
Received Import Request.
  Time since last request: 0.000013 seconds.
  path: Assets/PNG/trace_05.png
  artifactKey: Guid(0e1553a128ddd2842ac3098a0628b769) Importer(815301076,1909f56bfc062723c751e8b465ee728b)
Start importing Assets/PNG/trace_05.png using Guid(0e1553a128ddd2842ac3098a0628b769) Importer(815301076,1909f56bfc062723c751e8b465ee728b)  -> (artifact id: 'dc63a33203fe0dbb3569669f78183e0c') in 0.012622 seconds
Number of updated asset objects reloaded before import = 0
Number of asset objects unloaded after import = 2
========================================================================
Received Import Request.
  Time since last request: 0.000016 seconds.
  path: Assets/PNG/spark_05.png
  artifactKey: Guid(d4e6c7b18cc0d9649931f64055c0d020) Importer(815301076,1909f56bfc062723c751e8b465ee728b)
Start importing Assets/PNG/spark_05.png using Guid(d4e6c7b18cc0d9649931f64055c0d020) Importer(815301076,1909f56bfc062723c751e8b465ee728b)  -> (artifact id: '38454b41933e90b9e59f78605905ffc2') in 0.012686 seconds
Number of updated asset objects reloaded before import = 0
Number of asset objects unloaded after import = 2
========================================================================
Received Import Request.
  Time since last request: 0.000013 seconds.
  path: Assets/PNG/spark_06.png
  artifactKey: Guid(71a684984667a5548b9389547bea7e31) Importer(815301076,1909f56bfc062723c751e8b465ee728b)
Start importing Assets/PNG/spark_06.png using Guid(71a684984667a5548b9389547bea7e31) Importer(815301076,1909f56bfc062723c751e8b465ee728b)  -> (artifact id: 'c9527b17c1856e441eb45d66d31b3d07') in 0.014483 seconds
Number of updated asset objects reloaded before import = 0
Number of asset objects unloaded after import = 2
========================================================================
Received Import Request.
  Time since last request: 0.000017 seconds.
  path: Assets/PNG/twirl_01.png
  artifactKey: Guid(24d64c4435a73e74182aa9cc9230a758) Importer(815301076,1909f56bfc062723c751e8b465ee728b)
Start importing Assets/PNG/twirl_01.png using Guid(24d64c4435a73e74182aa9cc9230a758) Importer(815301076,1909f56bfc062723c751e8b465ee728b)  -> (artifact id: '04b8aa6d6ea985a92bd2d6bafee7a4c1') in 0.012824 seconds
Number of updated asset objects reloaded before import = 0
Number of asset objects unloaded after import = 2
========================================================================
Received Import Request.
  Time since last request: 0.000015 seconds.
  path: Assets/PNG/smoke_03.png
  artifactKey: Guid(07e7c293af5c7c24bac40f2b5cdb2a43) Importer(815301076,1909f56bfc062723c751e8b465ee728b)
Start importing Assets/PNG/smoke_03.png using Guid(07e7c293af5c7c24bac40f2b5cdb2a43) Importer(815301076,1909f56bfc062723c751e8b465ee728b)  -> (artifact id: 'e6da9a0c03618c2a605e6c3ca4d8c1e3') in 0.013881 seconds
Number of updated asset objects reloaded before import = 0
Number of asset objects unloaded after import = 2
========================================================================
Received Import Request.
  Time since last request: 0.000014 seconds.
  path: Assets/PNG/trace_02.png
  artifactKey: Guid(ad7d472e41312e8419b49e0ea82a9ef0) Importer(815301076,1909f56bfc062723c751e8b465ee728b)
Start importing Assets/PNG/trace_02.png using Guid(ad7d472e41312e8419b49e0ea82a9ef0) Importer(815301076,1909f56bfc062723c751e8b465ee728b)  -> (artifact id: 'e19b8fb6c13e5c9b135a0231964b7293') in 0.012136 seconds
Number of updated asset objects reloaded before import = 0
Number of asset objects unloaded after import = 2
========================================================================
Received Import Request.
  Time since last request: 0.000016 seconds.
  path: Assets/PNG/star_06.png
  artifactKey: Guid(5a201f4d9ec7342419513457e506a7b7) Importer(815301076,1909f56bfc062723c751e8b465ee728b)
Start importing Assets/PNG/star_06.png using Guid(5a201f4d9ec7342419513457e506a7b7) Importer(815301076,1909f56bfc062723c751e8b465ee728b)  -> (artifact id: 'acae35882dbca483f873b1c36d70ea4f') in 0.014401 seconds
Number of updated asset objects reloaded before import = 0
Number of asset objects unloaded after import = 2
========================================================================
Received Prepare
Begin MonoManager ReloadAssembly
- Loaded All Assemblies, in  0.546 seconds
Refreshing native plugins compatible for Editor in 3.75 ms, found 3 plugins.
Native extension for WindowsStandalone target not found
Native extension for WebGL target not found
[Package Manager] Server::EnsureServerProcessIsRunning -- launch failed, reason: Unity was launched with the -noUpm command-line argument
[Package Manager] UpmClient::Send -- Unable to send message (not connected to UPM process).
[Package Manager] Cannot connect to Unity Package Manager local server
Mono: successfully reloaded assembly
- Finished resetting the current domain, in  1.727 seconds
Domain Reload Profiling: 2270ms
	BeginReloadAssembly (177ms)
		ExecutionOrderSort (0ms)
		DisableScriptedObjects (5ms)
		BackupInstance (0ms)
		ReleaseScriptingObjects (0ms)
		CreateAndSetChildDomain (41ms)
	RebuildCommonClasses (35ms)
	RebuildNativeTypeToScriptingClass (12ms)
	initialDomainReloadingComplete (35ms)
	LoadAllAssembliesAndSetupDomain (285ms)
		LoadAssemblies (362ms)
		RebuildTransferFunctionScriptingTraits (0ms)
		AnalyzeDomain (16ms)
			TypeCache.Refresh (10ms)
				TypeCache.ScanAssembly (0ms)
			ScanForSourceGeneratedMonoScriptInfo (0ms)
			ResolveRequiredComponents (5ms)
	FinalizeReload (1727ms)
		ReleaseScriptCaches (0ms)
		RebuildScriptCaches (0ms)
		SetupLoadedEditorAssemblies (538ms)
			LogAssemblyErrors (0ms)
			InitializePlatformSupportModulesInManaged (12ms)
			SetLoadedEditorAssemblies (5ms)
			RefreshPlugins (0ms)
			BeforeProcessingInitializeOnLoad (85ms)
			ProcessInitializeOnLoadAttributes (399ms)
			ProcessInitializeOnLoadMethodAttributes (26ms)
			AfterProcessingInitializeOnLoad (10ms)
			EditorAssembliesLoaded (0ms)
		ExecutionOrderSort2 (0ms)
		AwakeInstancesAfterBackupRestoration (16ms)
Refreshing native plugins compatible for Editor in 4.61 ms, found 3 plugins.
Preloading 0 native plugins for Editor in 0.00 ms.
Unloading 3088 Unused Serialized files (Serialized files now loaded: 0)
Unloading 23 unused Assets / (31.1 KB). Loaded Objects now: 3598.
Memory consumption went from 132.9 MB to 132.8 MB.
Total: 3.852000 ms (FindLiveObjects: 0.404900 ms CreateObjectMapping: 0.297500 ms MarkObjects: 3.091800 ms  DeleteObjects: 0.057000 ms)

Prepare: number of updated asset objects reloaded= 0
AssetImportParameters requested are different than current active one (requested -> active):
  custom:container-demuxer-ogg: 62fdf1f143b41e24485cea50d1cbac27 -> 
  custom:video-codec-MediaFoundation-h265: 746d11721c4dcdbdad8f713fa42b33f4 -> 
  custom:video-decoder-ogg-theora: a1e56fd34408186e4bbccfd4996cb3dc -> 
  custom:framework-win-MediaFoundation: 216162199b28c13a410421893ffa2e32 -> 
  custom:CustomObjectIndexerAttribute: 9a22284fe3817be447336de3de66b15e -> 
  custom:container-demuxer-webm: 4f35f7cbe854078d1ac9338744f61a02 -> 
  custom:container-muxer-webm: aa71ff27fc2769a1b78a27578f13a17b -> 
  custom:video-decoder-webm-vp8: 9c59270c3fd7afecdb556c50c9e8de78 -> 
  custom:SearchIndexIgnoredProperties: e643bd26f0fe6173181afceb89e7c659 -> 
  custom:AudioImporter_EditorPlatform: d09bf68614088b80899f8185d706f6e7 -> 
  custom:video-encoder-webm-vp8: eb34c28f22e8b96e1ab97ce403110664 -> 
  custom:audio-decoder-ogg-vorbis: bf7c407c2cedff20999df2af8eb42d56 -> 
  custom:audio-encoder-webm-vorbis: bf7c407c2cedff20999df2af8eb42d56 -> 
========================================================================
Received Import Request.
  Time since last request: 287.276880 seconds.
  path: Assets/Materials/SCALES.mat
  artifactKey: Guid(f2b535049f8c0b345bc4f85e40db5677) Importer(815301076,1909f56bfc062723c751e8b465ee728b)
Start importing Assets/Materials/SCALES.mat using Guid(f2b535049f8c0b345bc4f85e40db5677) Importer(815301076,1909f56bfc062723c751e8b465ee728b)  -> (artifact id: 'c3783835da1e370b1e977a5c5fe54d8e') in 0.147668 seconds
Number of updated asset objects reloaded before import = 0
Number of asset objects unloaded after import = 1
========================================================================
Received Import Request.
  Time since last request: 30.624248 seconds.
  path: Assets/PNG/circle_05.png
  artifactKey: Guid(7475615ebc8c1264fbddcf8df5c8c7af) Importer(815301076,1909f56bfc062723c751e8b465ee728b)
Start importing Assets/PNG/circle_05.png using Guid(7475615ebc8c1264fbddcf8df5c8c7af) Importer(815301076,1909f56bfc062723c751e8b465ee728b)  -> (artifact id: 'c8ab8aa386bd8e905834c10e524553ce') in 0.018985 seconds
Number of updated asset objects reloaded before import = 0
Number of asset objects unloaded after import = 2
========================================================================
Received Import Request.
  Time since last request: 21.337302 seconds.
  path: Assets/PNG/Particle.mat
  artifactKey: Guid(104ac054fc3706044af474bc49ff550e) Importer(815301076,1909f56bfc062723c751e8b465ee728b)
Start importing Assets/PNG/Particle.mat using Guid(104ac054fc3706044af474bc49ff550e) Importer(815301076,1909f56bfc062723c751e8b465ee728b)  -> (artifact id: '342c321ab9711888eaa3a895ff0e8bad') in 0.012822 seconds
Number of updated asset objects reloaded before import = 0
Number of asset objects unloaded after import = 1
========================================================================
Received Import Request.
  Time since last request: 73.874612 seconds.
  path: Assets/TextMesh Pro/Resources/Fonts & Materials/LiberationSans SDF.asset
  artifactKey: Guid(8f586378b4e144a9851e7b34d9b748ee) Importer(815301076,1909f56bfc062723c751e8b465ee728b)
Start importing Assets/TextMesh Pro/Resources/Fonts & Materials/LiberationSans SDF.asset using Guid(8f586378b4e144a9851e7b34d9b748ee) Importer(815301076,1909f56bfc062723c751e8b465ee728b)  -> (artifact id: '6073735608013384b73329132ba59f18') in 0.076551 seconds
Number of updated asset objects reloaded before import = 0
Number of asset objects unloaded after import = 9
========================================================================
Received Import Request.
  Time since last request: 0.000020 seconds.
  path: Assets/Materials/Player.mat
  artifactKey: Guid(c147a7fe5ce1be047a2481f271c87a4b) Importer(815301076,1909f56bfc062723c751e8b465ee728b)
Start importing Assets/Materials/Player.mat using Guid(c147a7fe5ce1be047a2481f271c87a4b) Importer(815301076,1909f56bfc062723c751e8b465ee728b)  -> (artifact id: '4a5de4164a55dc064854613b1246a448') in 0.017559 seconds
Number of updated asset objects reloaded before import = 0
Number of asset objects unloaded after import = 1
========================================================================
Received Import Request.
  Time since last request: 47.247904 seconds.
  path: Assets/Materials
  artifactKey: Guid(94be82f9f7e099b44bafed975a0d0843) Importer(815301076,1909f56bfc062723c751e8b465ee728b)
Start importing Assets/Materials using Guid(94be82f9f7e099b44bafed975a0d0843) Importer(815301076,1909f56bfc062723c751e8b465ee728b)  -> (artifact id: '55d52510053ab1c69c01d40322b0e5c1') in 0.000556 seconds
Number of updated asset objects reloaded before import = 0
Number of asset objects unloaded after import = 0
========================================================================
Received Import Request.
  Time since last request: 0.052626 seconds.
  path: Assets/Materials/Grass.mat
  artifactKey: Guid(9d00d86a33894ed4bbaf2e95be79163a) Importer(815301076,1909f56bfc062723c751e8b465ee728b)
Start importing Assets/Materials/Grass.mat using Guid(9d00d86a33894ed4bbaf2e95be79163a) Importer(815301076,1909f56bfc062723c751e8b465ee728b)  -> (artifact id: '6b34cec1d40ff38c21865a781b5ece4e') in 0.015367 seconds
Number of updated asset objects reloaded before import = 0
Number of asset objects unloaded after import = 1
========================================================================
Received Import Request.
  Time since last request: 36.261221 seconds.
  path: Assets/TextMesh Pro/Resources/Fonts & Materials/LiberationSans SDF - Outline.mat
  artifactKey: Guid(79459efec17a4d00a321bdcc27bbc385) Importer(815301076,1909f56bfc062723c751e8b465ee728b)
Start importing Assets/TextMesh Pro/Resources/Fonts & Materials/LiberationSans SDF - Outline.mat using Guid(79459efec17a4d00a321bdcc27bbc385) Importer(815301076,1909f56bfc062723c751e8b465ee728b)  -> (artifact id: '80f54e30e3a750dc3d9297b988c77d1a') in 0.038862 seconds
Number of updated asset objects reloaded before import = 0
Number of asset objects unloaded after import = 2
========================================================================
Received Import Request.
  Time since last request: 19.069945 seconds.
  path: Assets/PNG/Rotated/muzzle_05_rotated.png
  artifactKey: Guid(d70817fb7468c8840b3789b6de0be16f) Importer(815301076,1909f56bfc062723c751e8b465ee728b)
Start importing Assets/PNG/Rotated/muzzle_05_rotated.png using Guid(d70817fb7468c8840b3789b6de0be16f) Importer(815301076,1909f56bfc062723c751e8b465ee728b)  -> (artifact id: '8c0f98d0af90613f8df8c6c652b63a79') in 0.015591 seconds
Number of updated asset objects reloaded before import = 0
Number of asset objects unloaded after import = 2
========================================================================
Received Import Request.
  Time since last request: 10.516020 seconds.
  path: Assets/PNG/scorch_02.png
  artifactKey: Guid(dcaa41425c9a1254ba511d58289d3b6e) Importer(815301076,1909f56bfc062723c751e8b465ee728b)
Start importing Assets/PNG/scorch_02.png using Guid(dcaa41425c9a1254ba511d58289d3b6e) Importer(815301076,1909f56bfc062723c751e8b465ee728b)  -> (artifact id: '0b1c33a281ce7aa358a81d444c587e3d') in 0.013297 seconds
Number of updated asset objects reloaded before import = 0
Number of asset objects unloaded after import = 2
========================================================================
Received Import Request.
  Time since last request: 32.178999 seconds.
  path: Assets/PNG/scorch_02.png
  artifactKey: Guid(dcaa41425c9a1254ba511d58289d3b6e) Importer(815301076,1909f56bfc062723c751e8b465ee728b)
Start importing Assets/PNG/scorch_02.png using Guid(dcaa41425c9a1254ba511d58289d3b6e) Importer(815301076,1909f56bfc062723c751e8b465ee728b)  -> (artifact id: '8d95a22fe55371bb454b01ea6c7f2296') in 0.014537 seconds
Number of updated asset objects reloaded before import = 0
Number of asset objects unloaded after import = 2
========================================================================
Received Import Request.
  Time since last request: 41.875059 seconds.
  path: Assets/PNG/Particle.mat
  artifactKey: Guid(104ac054fc3706044af474bc49ff550e) Importer(815301076,1909f56bfc062723c751e8b465ee728b)
Start importing Assets/PNG/Particle.mat using Guid(104ac054fc3706044af474bc49ff550e) Importer(815301076,1909f56bfc062723c751e8b465ee728b)  -> (artifact id: '35286d7734c8b9028b8a77ab1afa84e8') in 0.019007 seconds
Number of updated asset objects reloaded before import = 0
Number of asset objects unloaded after import = 2
========================================================================
Received Prepare
Begin MonoManager ReloadAssembly
- Loaded All Assemblies, in  0.551 seconds
Refreshing native plugins compatible for Editor in 3.92 ms, found 3 plugins.
Native extension for WindowsStandalone target not found
Native extension for WebGL target not found
[Package Manager] Server::EnsureServerProcessIsRunning -- launch failed, reason: Unity was launched with the -noUpm command-line argument
[Package Manager] UpmClient::Send -- Unable to send message (not connected to UPM process).
[Package Manager] Cannot connect to Unity Package Manager local server
Mono: successfully reloaded assembly
- Finished resetting the current domain, in  1.404 seconds
Domain Reload Profiling: 1951ms
	BeginReloadAssembly (182ms)
		ExecutionOrderSort (0ms)
		DisableScriptedObjects (5ms)
		BackupInstance (0ms)
		ReleaseScriptingObjects (0ms)
		CreateAndSetChildDomain (35ms)
	RebuildCommonClasses (43ms)
	RebuildNativeTypeToScriptingClass (17ms)
	initialDomainReloadingComplete (34ms)
	LoadAllAssembliesAndSetupDomain (270ms)
		LoadAssemblies (367ms)
		RebuildTransferFunctionScriptingTraits (0ms)
		AnalyzeDomain (13ms)
			TypeCache.Refresh (7ms)
				TypeCache.ScanAssembly (0ms)
			ScanForSourceGeneratedMonoScriptInfo (0ms)
			ResolveRequiredComponents (5ms)
	FinalizeReload (1405ms)
		ReleaseScriptCaches (0ms)
		RebuildScriptCaches (0ms)
		SetupLoadedEditorAssemblies (569ms)
			LogAssemblyErrors (0ms)
			InitializePlatformSupportModulesInManaged (12ms)
			SetLoadedEditorAssemblies (4ms)
			RefreshPlugins (0ms)
			BeforeProcessingInitializeOnLoad (86ms)
			ProcessInitializeOnLoadAttributes (430ms)
			ProcessInitializeOnLoadMethodAttributes (26ms)
			AfterProcessingInitializeOnLoad (10ms)
			EditorAssembliesLoaded (0ms)
		ExecutionOrderSort2 (0ms)
		AwakeInstancesAfterBackupRestoration (16ms)
Refreshing native plugins compatible for Editor in 5.12 ms, found 3 plugins.
Preloading 0 native plugins for Editor in 0.00 ms.
Unloading 3088 Unused Serialized files (Serialized files now loaded: 0)
Unloading 23 unused Assets / (31.1 KB). Loaded Objects now: 3643.
Memory consumption went from 139.5 MB to 139.5 MB.
Total: 3.960800 ms (FindLiveObjects: 0.406100 ms CreateObjectMapping: 0.327300 ms MarkObjects: 3.100300 ms  DeleteObjects: 0.126200 ms)

Prepare: number of updated asset objects reloaded= 0
AssetImportParameters requested are different than current active one (requested -> active):
  custom:container-demuxer-ogg: 62fdf1f143b41e24485cea50d1cbac27 -> 
  custom:video-codec-MediaFoundation-h265: 746d11721c4dcdbdad8f713fa42b33f4 -> 
  custom:video-decoder-ogg-theora: a1e56fd34408186e4bbccfd4996cb3dc -> 
  custom:framework-win-MediaFoundation: 216162199b28c13a410421893ffa2e32 -> 
  custom:CustomObjectIndexerAttribute: 9a22284fe3817be447336de3de66b15e -> 
  custom:container-demuxer-webm: 4f35f7cbe854078d1ac9338744f61a02 -> 
  custom:container-muxer-webm: aa71ff27fc2769a1b78a27578f13a17b -> 
  custom:video-decoder-webm-vp8: 9c59270c3fd7afecdb556c50c9e8de78 -> 
  custom:SearchIndexIgnoredProperties: e643bd26f0fe6173181afceb89e7c659 -> 
  custom:AudioImporter_EditorPlatform: d09bf68614088b80899f8185d706f6e7 -> 
  custom:video-encoder-webm-vp8: eb34c28f22e8b96e1ab97ce403110664 -> 
  custom:audio-decoder-ogg-vorbis: bf7c407c2cedff20999df2af8eb42d56 -> 
  custom:audio-encoder-webm-vorbis: bf7c407c2cedff20999df2af8eb42d56 -> 
